2025-07-24 23:42:31,630 - INFO - Starting system monitor...
2025-07-24 23:42:31,630 - INFO - Memory limit: 22GB
2025-07-24 23:42:31,630 - INFO - Disk limit: 45GB
2025-07-24 23:42:31,630 - INFO - CPU limit: 85%
2025-07-24 23:55:10,617 - INFO - Starting system monitor...
2025-07-24 23:55:10,617 - INFO - Memory limit: 22GB
2025-07-24 23:55:10,617 - INFO - Disk limit: 45GB
2025-07-24 23:55:10,617 - INFO - CPU limit: 85%
2025-07-24 23:57:01,571 - INFO - Starting system monitor...
2025-07-24 23:57:01,571 - INFO - Memory limit: 22GB
2025-07-24 23:57:01,571 - INFO - Disk limit: 45GB
2025-07-24 23:57:01,571 - INFO - CPU limit: 85%
2025-07-25 21:27:22,320 - INFO - Starting system monitor...
2025-07-25 21:27:22,320 - INFO - Memory limit: 22GB
2025-07-25 21:27:22,320 - INFO - Disk limit: 45GB
2025-07-25 21:27:22,320 - INFO - CPU limit: 85%
2025-07-28 00:16:15,569 - WARNING - CPU: CPU usage high: 75.3%
2025-07-28 02:11:10,730 - WARNING - CPU: CPU usage high: 78.3%
2025-08-03 03:55:59,338 - WARNING - CPU: CPU usage high: 71.9%
2025-08-03 04:12:15,778 - WARNING - CPU: CPU usage high: 71.1%
2025-08-03 04:17:20,919 - WARNING - CPU: CPU usage high: 78.9%
2025-08-03 04:20:23,982 - WARNING - CPU: CPU usage high: 76.0%
2025-08-03 04:21:25,007 - WARNING - CPU: CPU usage high: 71.3%
2025-08-03 04:23:27,048 - WARNING - CPU: CPU usage high: 70.4%
2025-08-03 04:26:30,143 - WARNING - CPU: CPU usage high: 82.2%
2025-08-03 04:27:31,179 - ERROR - CPU: CPU usage critical: 100.0%
2025-08-03 04:31:35,285 - ERROR - CPU: CPU usage critical: 100.0%
2025-08-03 04:36:40,400 - ERROR - CPU: CPU usage critical: 100.0%
2025-08-03 04:48:52,653 - WARNING - CPU: CPU usage high: 80.5%
2025-08-03 15:20:25,318 - ERROR - Failed to save report: [Errno 2] No such file or directory: 'reports/system_report_20250803_152025.json'
2025-08-03 15:21:26,337 - ERROR - Failed to save report: [Errno 2] No such file or directory: 'reports/system_report_20250803_152126.json'
2025-08-03 15:22:27,357 - ERROR - Failed to save report: [Errno 2] No such file or directory: 'reports/system_report_20250803_152227.json'
2025-08-03 15:23:28,378 - ERROR - Failed to save report: [Errno 2] No such file or directory: 'reports/system_report_20250803_152328.json'
2025-08-03 15:24:29,397 - ERROR - Failed to save report: [Errno 2] No such file or directory: 'reports/system_report_20250803_152429.json'
2025-08-03 15:25:30,417 - ERROR - Failed to save report: [Errno 2] No such file or directory: 'reports/system_report_20250803_152530.json'
2025-08-03 15:26:31,436 - ERROR - Failed to save report: [Errno 2] No such file or directory: 'reports/system_report_20250803_152631.json'
2025-08-03 15:27:32,456 - ERROR - Failed to save report: [Errno 2] No such file or directory: 'reports/system_report_20250803_152732.json'
2025-08-03 15:28:33,475 - ERROR - Failed to save report: [Errno 2] No such file or directory: 'reports/system_report_20250803_152833.json'
2025-08-03 15:29:34,495 - ERROR - Failed to save report: [Errno 2] No such file or directory: 'reports/system_report_20250803_152934.json'
2025-08-03 15:30:35,514 - ERROR - Failed to save report: [Errno 2] No such file or directory: 'reports/system_report_20250803_153035.json'
2025-08-03 15:31:36,534 - ERROR - Failed to save report: [Errno 2] No such file or directory: 'reports/system_report_20250803_153136.json'
2025-08-03 15:32:37,554 - ERROR - Failed to save report: [Errno 2] No such file or directory: 'reports/system_report_20250803_153237.json'
2025-08-03 15:33:38,573 - ERROR - Failed to save report: [Errno 2] No such file or directory: 'reports/system_report_20250803_153338.json'
2025-08-03 15:34:39,593 - ERROR - Failed to save report: [Errno 2] No such file or directory: 'reports/system_report_20250803_153439.json'
2025-08-03 15:35:40,615 - ERROR - Failed to save report: [Errno 2] No such file or directory: 'reports/system_report_20250803_153540.json'
2025-08-03 15:36:41,635 - ERROR - Failed to save report: [Errno 2] No such file or directory: 'reports/system_report_20250803_153641.json'
2025-08-03 15:37:42,654 - ERROR - Failed to save report: [Errno 2] No such file or directory: 'reports/system_report_20250803_153742.json'
2025-08-03 15:38:43,674 - ERROR - Failed to save report: [Errno 2] No such file or directory: 'reports/system_report_20250803_153843.json'
2025-08-03 15:39:44,700 - ERROR - CPU: CPU usage critical: 98.7%
2025-08-03 15:39:44,700 - ERROR - Failed to save report: [Errno 2] No such file or directory: 'reports/system_report_20250803_153944.json'
2025-08-03 15:40:45,726 - ERROR - CPU: CPU usage critical: 97.5%
2025-08-03 15:40:45,726 - ERROR - Failed to save report: [Errno 2] No such file or directory: 'reports/system_report_20250803_154045.json'
2025-08-03 15:41:46,753 - ERROR - CPU: CPU usage critical: 99.5%
2025-08-03 15:41:46,754 - ERROR - Failed to save report: [Errno 2] No such file or directory: 'reports/system_report_20250803_154146.json'
2025-08-03 15:42:47,773 - ERROR - Failed to save report: [Errno 2] No such file or directory: 'reports/system_report_20250803_154247.json'
2025-08-03 15:43:48,793 - ERROR - Failed to save report: [Errno 2] No such file or directory: 'reports/system_report_20250803_154348.json'
2025-08-03 15:44:49,813 - ERROR - Failed to save report: [Errno 2] No such file or directory: 'reports/system_report_20250803_154449.json'
2025-08-03 15:45:50,833 - ERROR - Failed to save report: [Errno 2] No such file or directory: 'reports/system_report_20250803_154550.json'
2025-08-03 15:46:51,853 - ERROR - Failed to save report: [Errno 2] No such file or directory: 'reports/system_report_20250803_154651.json'
2025-08-03 15:47:52,874 - ERROR - Failed to save report: [Errno 2] No such file or directory: 'reports/system_report_20250803_154752.json'
2025-08-03 15:48:53,893 - ERROR - Failed to save report: [Errno 2] No such file or directory: 'reports/system_report_20250803_154853.json'
2025-08-03 15:49:54,913 - ERROR - Failed to save report: [Errno 2] No such file or directory: 'reports/system_report_20250803_154954.json'
2025-08-03 15:50:55,933 - ERROR - Failed to save report: [Errno 2] No such file or directory: 'reports/system_report_20250803_155055.json'
2025-08-03 15:51:56,953 - ERROR - Failed to save report: [Errno 2] No such file or directory: 'reports/system_report_20250803_155156.json'
2025-08-03 15:52:57,973 - ERROR - Failed to save report: [Errno 2] No such file or directory: 'reports/system_report_20250803_155257.json'
2025-08-03 15:53:58,992 - ERROR - Failed to save report: [Errno 2] No such file or directory: 'reports/system_report_20250803_155358.json'
2025-08-03 15:55:00,012 - ERROR - Failed to save report: [Errno 2] No such file or directory: 'reports/system_report_20250803_155500.json'
2025-08-03 15:56:01,031 - ERROR - Failed to save report: [Errno 2] No such file or directory: 'reports/system_report_20250803_155601.json'
2025-08-03 15:57:02,051 - ERROR - Failed to save report: [Errno 2] No such file or directory: 'reports/system_report_20250803_155702.json'
2025-08-03 15:58:03,070 - ERROR - Failed to save report: [Errno 2] No such file or directory: 'reports/system_report_20250803_155803.json'
2025-08-03 15:59:04,090 - ERROR - Failed to save report: [Errno 2] No such file or directory: 'reports/system_report_20250803_155904.json'
2025-08-03 16:00:05,109 - ERROR - Failed to save report: [Errno 2] No such file or directory: 'reports/system_report_20250803_160005.json'
2025-08-03 16:01:06,129 - ERROR - Failed to save report: [Errno 2] No such file or directory: 'reports/system_report_20250803_160106.json'
2025-08-03 16:02:07,149 - ERROR - Failed to save report: [Errno 2] No such file or directory: 'reports/system_report_20250803_160207.json'
2025-08-03 16:03:08,169 - ERROR - Failed to save report: [Errno 2] No such file or directory: 'reports/system_report_20250803_160308.json'
2025-08-03 16:04:09,188 - ERROR - Failed to save report: [Errno 2] No such file or directory: 'reports/system_report_20250803_160409.json'
2025-08-03 16:05:10,208 - ERROR - Failed to save report: [Errno 2] No such file or directory: 'reports/system_report_20250803_160510.json'
2025-08-03 16:06:11,227 - ERROR - Failed to save report: [Errno 2] No such file or directory: 'reports/system_report_20250803_160611.json'
2025-08-03 16:07:12,247 - ERROR - Failed to save report: [Errno 2] No such file or directory: 'reports/system_report_20250803_160712.json'
2025-08-03 16:08:13,267 - ERROR - Failed to save report: [Errno 2] No such file or directory: 'reports/system_report_20250803_160813.json'
2025-08-03 16:09:14,287 - ERROR - Failed to save report: [Errno 2] No such file or directory: 'reports/system_report_20250803_160914.json'
2025-08-03 16:10:15,309 - ERROR - Failed to save report: [Errno 2] No such file or directory: 'reports/system_report_20250803_161015.json'
2025-08-03 16:11:16,339 - ERROR - Failed to save report: [Errno 2] No such file or directory: 'reports/system_report_20250803_161116.json'
2025-08-03 16:12:17,359 - ERROR - Failed to save report: [Errno 2] No such file or directory: 'reports/system_report_20250803_161217.json'
2025-08-03 16:13:18,379 - ERROR - Failed to save report: [Errno 2] No such file or directory: 'reports/system_report_20250803_161318.json'
2025-08-03 16:14:19,399 - ERROR - Failed to save report: [Errno 2] No such file or directory: 'reports/system_report_20250803_161419.json'
2025-08-03 16:15:20,420 - ERROR - Failed to save report: [Errno 2] No such file or directory: 'reports/system_report_20250803_161520.json'
2025-08-03 16:16:21,440 - ERROR - Failed to save report: [Errno 2] No such file or directory: 'reports/system_report_20250803_161621.json'
2025-08-03 16:17:22,460 - ERROR - Failed to save report: [Errno 2] No such file or directory: 'reports/system_report_20250803_161722.json'
2025-08-03 16:18:23,480 - ERROR - Failed to save report: [Errno 2] No such file or directory: 'reports/system_report_20250803_161823.json'
2025-08-03 16:19:24,499 - ERROR - Failed to save report: [Errno 2] No such file or directory: 'reports/system_report_20250803_161924.json'
2025-08-03 16:20:25,520 - ERROR - Failed to save report: [Errno 2] No such file or directory: 'reports/system_report_20250803_162025.json'
2025-08-03 16:21:26,540 - ERROR - Failed to save report: [Errno 2] No such file or directory: 'reports/system_report_20250803_162126.json'
2025-08-03 16:22:27,560 - ERROR - Failed to save report: [Errno 2] No such file or directory: 'reports/system_report_20250803_162227.json'
2025-08-03 16:23:28,580 - ERROR - Failed to save report: [Errno 2] No such file or directory: 'reports/system_report_20250803_162328.json'
2025-08-03 16:24:29,600 - ERROR - Failed to save report: [Errno 2] No such file or directory: 'reports/system_report_20250803_162429.json'
2025-08-03 16:25:30,620 - ERROR - Failed to save report: [Errno 2] No such file or directory: 'reports/system_report_20250803_162530.json'
2025-08-03 16:26:31,640 - ERROR - Failed to save report: [Errno 2] No such file or directory: 'reports/system_report_20250803_162631.json'
2025-08-03 16:27:32,660 - ERROR - Failed to save report: [Errno 2] No such file or directory: 'reports/system_report_20250803_162732.json'
2025-08-03 16:28:33,680 - ERROR - Failed to save report: [Errno 2] No such file or directory: 'reports/system_report_20250803_162833.json'
2025-08-03 16:29:34,700 - ERROR - Failed to save report: [Errno 2] No such file or directory: 'reports/system_report_20250803_162934.json'
2025-08-03 16:30:35,720 - ERROR - Failed to save report: [Errno 2] No such file or directory: 'reports/system_report_20250803_163035.json'
2025-08-03 16:31:36,740 - ERROR - Failed to save report: [Errno 2] No such file or directory: 'reports/system_report_20250803_163136.json'
2025-08-03 16:32:37,760 - ERROR - Failed to save report: [Errno 2] No such file or directory: 'reports/system_report_20250803_163237.json'
2025-08-03 16:33:38,780 - ERROR - Failed to save report: [Errno 2] No such file or directory: 'reports/system_report_20250803_163338.json'
2025-08-03 16:34:39,800 - ERROR - Failed to save report: [Errno 2] No such file or directory: 'reports/system_report_20250803_163439.json'
2025-08-03 16:35:40,820 - ERROR - Failed to save report: [Errno 2] No such file or directory: 'reports/system_report_20250803_163540.json'
2025-08-03 16:36:41,839 - ERROR - Failed to save report: [Errno 2] No such file or directory: 'reports/system_report_20250803_163641.json'
2025-08-03 16:37:42,859 - ERROR - Failed to save report: [Errno 2] No such file or directory: 'reports/system_report_20250803_163742.json'
2025-08-03 16:38:43,879 - ERROR - Failed to save report: [Errno 2] No such file or directory: 'reports/system_report_20250803_163843.json'
2025-08-03 16:39:44,899 - ERROR - Failed to save report: [Errno 2] No such file or directory: 'reports/system_report_20250803_163944.json'
2025-08-03 16:40:45,919 - ERROR - Failed to save report: [Errno 2] No such file or directory: 'reports/system_report_20250803_164045.json'
2025-08-03 16:41:46,939 - ERROR - Failed to save report: [Errno 2] No such file or directory: 'reports/system_report_20250803_164146.json'
2025-08-03 16:42:47,959 - ERROR - Failed to save report: [Errno 2] No such file or directory: 'reports/system_report_20250803_164247.json'
2025-08-03 16:43:48,979 - ERROR - Failed to save report: [Errno 2] No such file or directory: 'reports/system_report_20250803_164348.json'
2025-08-03 16:44:49,999 - ERROR - Failed to save report: [Errno 2] No such file or directory: 'reports/system_report_20250803_164449.json'
2025-08-03 16:45:51,019 - ERROR - Failed to save report: [Errno 2] No such file or directory: 'reports/system_report_20250803_164551.json'
2025-08-03 16:46:52,040 - ERROR - Failed to save report: [Errno 2] No such file or directory: 'reports/system_report_20250803_164652.json'
2025-08-03 16:47:53,059 - ERROR - Failed to save report: [Errno 2] No such file or directory: 'reports/system_report_20250803_164753.json'
2025-08-03 16:48:54,079 - ERROR - Failed to save report: [Errno 2] No such file or directory: 'reports/system_report_20250803_164854.json'
2025-08-03 16:49:55,100 - ERROR - Failed to save report: [Errno 2] No such file or directory: 'reports/system_report_20250803_164955.json'
2025-08-03 16:50:56,120 - ERROR - Failed to save report: [Errno 2] No such file or directory: 'reports/system_report_20250803_165056.json'
2025-08-03 16:51:57,140 - ERROR - Failed to save report: [Errno 2] No such file or directory: 'reports/system_report_20250803_165157.json'
2025-08-03 16:52:58,160 - ERROR - Failed to save report: [Errno 2] No such file or directory: 'reports/system_report_20250803_165258.json'
2025-08-03 16:53:59,180 - ERROR - Failed to save report: [Errno 2] No such file or directory: 'reports/system_report_20250803_165359.json'
2025-08-03 16:55:00,200 - ERROR - Failed to save report: [Errno 2] No such file or directory: 'reports/system_report_20250803_165500.json'
2025-08-03 16:56:01,220 - ERROR - Failed to save report: [Errno 2] No such file or directory: 'reports/system_report_20250803_165601.json'
2025-08-03 16:57:02,240 - ERROR - Failed to save report: [Errno 2] No such file or directory: 'reports/system_report_20250803_165702.json'
2025-08-03 16:58:03,260 - ERROR - Failed to save report: [Errno 2] No such file or directory: 'reports/system_report_20250803_165803.json'
2025-08-03 16:59:04,280 - ERROR - Failed to save report: [Errno 2] No such file or directory: 'reports/system_report_20250803_165904.json'
2025-08-03 17:00:05,300 - ERROR - Failed to save report: [Errno 2] No such file or directory: 'reports/system_report_20250803_170005.json'
2025-08-03 17:01:06,319 - ERROR - Failed to save report: [Errno 2] No such file or directory: 'reports/system_report_20250803_170106.json'
2025-08-03 17:02:07,339 - ERROR - Failed to save report: [Errno 2] No such file or directory: 'reports/system_report_20250803_170207.json'
2025-08-03 17:03:08,360 - ERROR - Failed to save report: [Errno 2] No such file or directory: 'reports/system_report_20250803_170308.json'
2025-08-03 17:04:09,380 - ERROR - Failed to save report: [Errno 2] No such file or directory: 'reports/system_report_20250803_170409.json'
2025-08-03 17:05:10,402 - ERROR - Failed to save report: [Errno 2] No such file or directory: 'reports/system_report_20250803_170510.json'
2025-08-03 17:06:11,423 - ERROR - Failed to save report: [Errno 2] No such file or directory: 'reports/system_report_20250803_170611.json'
2025-08-03 17:07:12,444 - ERROR - Failed to save report: [Errno 2] No such file or directory: 'reports/system_report_20250803_170712.json'
2025-08-03 17:08:13,465 - ERROR - Failed to save report: [Errno 2] No such file or directory: 'reports/system_report_20250803_170813.json'
2025-08-03 17:09:14,485 - ERROR - Failed to save report: [Errno 2] No such file or directory: 'reports/system_report_20250803_170914.json'
2025-08-03 17:10:15,505 - ERROR - Failed to save report: [Errno 2] No such file or directory: 'reports/system_report_20250803_171015.json'
2025-08-03 17:11:16,525 - ERROR - Failed to save report: [Errno 2] No such file or directory: 'reports/system_report_20250803_171116.json'
2025-08-03 17:12:17,545 - ERROR - Failed to save report: [Errno 2] No such file or directory: 'reports/system_report_20250803_171217.json'
2025-08-03 17:13:18,565 - ERROR - Failed to save report: [Errno 2] No such file or directory: 'reports/system_report_20250803_171318.json'
2025-08-03 17:14:19,585 - ERROR - Failed to save report: [Errno 2] No such file or directory: 'reports/system_report_20250803_171419.json'
2025-08-03 17:15:20,606 - ERROR - Failed to save report: [Errno 2] No such file or directory: 'reports/system_report_20250803_171520.json'
2025-08-03 17:16:21,627 - ERROR - Failed to save report: [Errno 2] No such file or directory: 'reports/system_report_20250803_171621.json'
2025-08-03 17:17:22,647 - ERROR - Failed to save report: [Errno 2] No such file or directory: 'reports/system_report_20250803_171722.json'
2025-08-03 17:18:23,667 - ERROR - Failed to save report: [Errno 2] No such file or directory: 'reports/system_report_20250803_171823.json'
2025-08-03 17:19:24,687 - ERROR - Failed to save report: [Errno 2] No such file or directory: 'reports/system_report_20250803_171924.json'
2025-08-03 17:20:25,707 - ERROR - Failed to save report: [Errno 2] No such file or directory: 'reports/system_report_20250803_172025.json'
2025-08-03 17:21:26,727 - ERROR - Failed to save report: [Errno 2] No such file or directory: 'reports/system_report_20250803_172126.json'
2025-08-03 17:22:27,747 - ERROR - Failed to save report: [Errno 2] No such file or directory: 'reports/system_report_20250803_172227.json'
2025-08-03 17:23:28,767 - ERROR - Failed to save report: [Errno 2] No such file or directory: 'reports/system_report_20250803_172328.json'
2025-08-03 17:24:29,787 - ERROR - Failed to save report: [Errno 2] No such file or directory: 'reports/system_report_20250803_172429.json'
2025-08-03 17:25:30,807 - ERROR - Failed to save report: [Errno 2] No such file or directory: 'reports/system_report_20250803_172530.json'
2025-08-03 17:26:31,827 - ERROR - Failed to save report: [Errno 2] No such file or directory: 'reports/system_report_20250803_172631.json'
2025-08-03 17:27:32,847 - ERROR - Failed to save report: [Errno 2] No such file or directory: 'reports/system_report_20250803_172732.json'
2025-08-03 17:28:33,868 - ERROR - Failed to save report: [Errno 2] No such file or directory: 'reports/system_report_20250803_172833.json'
2025-08-03 17:29:34,888 - ERROR - Failed to save report: [Errno 2] No such file or directory: 'reports/system_report_20250803_172934.json'
2025-08-03 17:30:35,909 - ERROR - Failed to save report: [Errno 2] No such file or directory: 'reports/system_report_20250803_173035.json'
2025-08-03 17:31:36,929 - ERROR - Failed to save report: [Errno 2] No such file or directory: 'reports/system_report_20250803_173136.json'
2025-08-03 17:32:37,949 - ERROR - Failed to save report: [Errno 2] No such file or directory: 'reports/system_report_20250803_173237.json'
2025-08-03 17:33:38,969 - ERROR - Failed to save report: [Errno 2] No such file or directory: 'reports/system_report_20250803_173338.json'
2025-08-03 17:34:39,990 - ERROR - Failed to save report: [Errno 2] No such file or directory: 'reports/system_report_20250803_173439.json'
2025-08-03 17:35:41,010 - ERROR - Failed to save report: [Errno 2] No such file or directory: 'reports/system_report_20250803_173541.json'
2025-08-03 17:36:42,030 - ERROR - Failed to save report: [Errno 2] No such file or directory: 'reports/system_report_20250803_173642.json'
2025-08-03 17:37:43,050 - ERROR - Failed to save report: [Errno 2] No such file or directory: 'reports/system_report_20250803_173743.json'
2025-08-03 17:38:44,069 - ERROR - Failed to save report: [Errno 2] No such file or directory: 'reports/system_report_20250803_173844.json'
2025-08-03 17:39:45,089 - ERROR - Failed to save report: [Errno 2] No such file or directory: 'reports/system_report_20250803_173945.json'
2025-08-03 17:40:46,109 - ERROR - Failed to save report: [Errno 2] No such file or directory: 'reports/system_report_20250803_174046.json'
2025-08-03 17:41:47,129 - ERROR - Failed to save report: [Errno 2] No such file or directory: 'reports/system_report_20250803_174147.json'
2025-08-03 17:42:48,150 - ERROR - Failed to save report: [Errno 2] No such file or directory: 'reports/system_report_20250803_174248.json'
2025-08-03 17:43:49,170 - ERROR - Failed to save report: [Errno 2] No such file or directory: 'reports/system_report_20250803_174349.json'
2025-08-03 17:44:50,190 - ERROR - Failed to save report: [Errno 2] No such file or directory: 'reports/system_report_20250803_174450.json'
2025-08-03 17:45:51,211 - ERROR - Failed to save report: [Errno 2] No such file or directory: 'reports/system_report_20250803_174551.json'
2025-08-03 17:46:52,232 - ERROR - Failed to save report: [Errno 2] No such file or directory: 'reports/system_report_20250803_174652.json'
2025-08-03 17:47:53,254 - ERROR - Failed to save report: [Errno 2] No such file or directory: 'reports/system_report_20250803_174753.json'
2025-08-03 17:48:54,275 - ERROR - Failed to save report: [Errno 2] No such file or directory: 'reports/system_report_20250803_174854.json'
2025-08-03 17:49:55,296 - ERROR - Failed to save report: [Errno 2] No such file or directory: 'reports/system_report_20250803_174955.json'
2025-08-03 17:50:56,317 - ERROR - Failed to save report: [Errno 2] No such file or directory: 'reports/system_report_20250803_175056.json'
2025-08-03 17:51:57,337 - ERROR - Failed to save report: [Errno 2] No such file or directory: 'reports/system_report_20250803_175157.json'
2025-08-03 17:52:58,358 - ERROR - Failed to save report: [Errno 2] No such file or directory: 'reports/system_report_20250803_175258.json'
2025-08-03 17:53:59,379 - ERROR - Failed to save report: [Errno 2] No such file or directory: 'reports/system_report_20250803_175359.json'
2025-08-03 17:55:00,400 - ERROR - Failed to save report: [Errno 2] No such file or directory: 'reports/system_report_20250803_175500.json'
2025-08-03 17:56:01,420 - ERROR - Failed to save report: [Errno 2] No such file or directory: 'reports/system_report_20250803_175601.json'
2025-08-03 17:57:02,441 - ERROR - Failed to save report: [Errno 2] No such file or directory: 'reports/system_report_20250803_175702.json'
2025-08-03 17:58:03,461 - ERROR - Failed to save report: [Errno 2] No such file or directory: 'reports/system_report_20250803_175803.json'
2025-08-03 17:59:04,482 - ERROR - Failed to save report: [Errno 2] No such file or directory: 'reports/system_report_20250803_175904.json'
2025-08-03 18:00:05,503 - ERROR - Failed to save report: [Errno 2] No such file or directory: 'reports/system_report_20250803_180005.json'
2025-08-03 18:01:06,524 - ERROR - Failed to save report: [Errno 2] No such file or directory: 'reports/system_report_20250803_180106.json'
2025-08-03 18:02:07,545 - ERROR - Failed to save report: [Errno 2] No such file or directory: 'reports/system_report_20250803_180207.json'
2025-08-03 18:03:08,567 - ERROR - Failed to save report: [Errno 2] No such file or directory: 'reports/system_report_20250803_180308.json'
2025-08-03 18:04:09,588 - ERROR - Failed to save report: [Errno 2] No such file or directory: 'reports/system_report_20250803_180409.json'
2025-08-03 18:05:10,609 - ERROR - Failed to save report: [Errno 2] No such file or directory: 'reports/system_report_20250803_180510.json'
2025-08-03 18:06:11,630 - ERROR - Failed to save report: [Errno 2] No such file or directory: 'reports/system_report_20250803_180611.json'
2025-08-03 18:07:12,650 - ERROR - Failed to save report: [Errno 2] No such file or directory: 'reports/system_report_20250803_180712.json'
2025-08-03 18:08:13,672 - ERROR - Failed to save report: [Errno 2] No such file or directory: 'reports/system_report_20250803_180813.json'
2025-08-03 18:09:14,693 - ERROR - Failed to save report: [Errno 2] No such file or directory: 'reports/system_report_20250803_180914.json'
2025-08-03 18:10:15,714 - ERROR - Failed to save report: [Errno 2] No such file or directory: 'reports/system_report_20250803_181015.json'
2025-08-03 18:11:16,735 - ERROR - Failed to save report: [Errno 2] No such file or directory: 'reports/system_report_20250803_181116.json'
2025-08-03 18:12:17,757 - ERROR - Failed to save report: [Errno 2] No such file or directory: 'reports/system_report_20250803_181217.json'
2025-08-03 18:13:18,778 - ERROR - Failed to save report: [Errno 2] No such file or directory: 'reports/system_report_20250803_181318.json'
2025-08-03 18:14:19,799 - ERROR - Failed to save report: [Errno 2] No such file or directory: 'reports/system_report_20250803_181419.json'
2025-08-03 18:15:20,823 - ERROR - Failed to save report: [Errno 2] No such file or directory: 'reports/system_report_20250803_181520.json'
2025-08-03 18:16:21,845 - ERROR - Failed to save report: [Errno 2] No such file or directory: 'reports/system_report_20250803_181621.json'
2025-08-03 18:17:22,866 - ERROR - Failed to save report: [Errno 2] No such file or directory: 'reports/system_report_20250803_181722.json'
2025-08-03 18:18:23,887 - ERROR - Failed to save report: [Errno 2] No such file or directory: 'reports/system_report_20250803_181823.json'
2025-08-03 18:19:24,908 - ERROR - Failed to save report: [Errno 2] No such file or directory: 'reports/system_report_20250803_181924.json'
2025-08-03 18:20:25,930 - ERROR - Failed to save report: [Errno 2] No such file or directory: 'reports/system_report_20250803_182025.json'
2025-08-03 18:21:26,951 - ERROR - Failed to save report: [Errno 2] No such file or directory: 'reports/system_report_20250803_182126.json'
2025-08-03 18:22:27,972 - ERROR - Failed to save report: [Errno 2] No such file or directory: 'reports/system_report_20250803_182227.json'
2025-08-03 18:23:28,993 - ERROR - Failed to save report: [Errno 2] No such file or directory: 'reports/system_report_20250803_182328.json'
2025-08-03 18:24:30,015 - ERROR - Failed to save report: [Errno 2] No such file or directory: 'reports/system_report_20250803_182430.json'
2025-08-03 18:25:31,036 - ERROR - Failed to save report: [Errno 2] No such file or directory: 'reports/system_report_20250803_182531.json'
2025-08-03 18:26:32,057 - ERROR - Failed to save report: [Errno 2] No such file or directory: 'reports/system_report_20250803_182632.json'
2025-08-03 18:27:33,078 - ERROR - Failed to save report: [Errno 2] No such file or directory: 'reports/system_report_20250803_182733.json'
2025-08-03 18:28:34,100 - ERROR - Failed to save report: [Errno 2] No such file or directory: 'reports/system_report_20250803_182834.json'
2025-08-03 18:29:35,121 - ERROR - Failed to save report: [Errno 2] No such file or directory: 'reports/system_report_20250803_182935.json'
2025-08-03 18:30:36,142 - ERROR - Failed to save report: [Errno 2] No such file or directory: 'reports/system_report_20250803_183036.json'
2025-08-03 18:31:37,163 - ERROR - Failed to save report: [Errno 2] No such file or directory: 'reports/system_report_20250803_183137.json'
2025-08-03 18:32:38,185 - ERROR - Failed to save report: [Errno 2] No such file or directory: 'reports/system_report_20250803_183238.json'
2025-08-03 18:33:39,207 - ERROR - Failed to save report: [Errno 2] No such file or directory: 'reports/system_report_20250803_183339.json'
2025-08-03 18:34:40,228 - ERROR - Failed to save report: [Errno 2] No such file or directory: 'reports/system_report_20250803_183440.json'
2025-08-03 18:35:41,252 - ERROR - Failed to save report: [Errno 2] No such file or directory: 'reports/system_report_20250803_183541.json'
2025-08-03 18:36:42,274 - ERROR - Failed to save report: [Errno 2] No such file or directory: 'reports/system_report_20250803_183642.json'
2025-08-03 18:37:43,296 - ERROR - Failed to save report: [Errno 2] No such file or directory: 'reports/system_report_20250803_183743.json'
2025-08-03 18:38:44,318 - ERROR - Failed to save report: [Errno 2] No such file or directory: 'reports/system_report_20250803_183844.json'
2025-08-03 18:39:45,339 - ERROR - Failed to save report: [Errno 2] No such file or directory: 'reports/system_report_20250803_183945.json'
2025-08-03 18:40:46,362 - ERROR - Failed to save report: [Errno 2] No such file or directory: 'reports/system_report_20250803_184046.json'
2025-08-03 18:41:47,383 - ERROR - Failed to save report: [Errno 2] No such file or directory: 'reports/system_report_20250803_184147.json'
2025-08-03 18:42:48,405 - ERROR - Failed to save report: [Errno 2] No such file or directory: 'reports/system_report_20250803_184248.json'
2025-08-03 18:43:49,427 - ERROR - Failed to save report: [Errno 2] No such file or directory: 'reports/system_report_20250803_184349.json'
2025-08-03 18:44:50,449 - ERROR - Failed to save report: [Errno 2] No such file or directory: 'reports/system_report_20250803_184450.json'
2025-08-03 18:45:51,470 - ERROR - Failed to save report: [Errno 2] No such file or directory: 'reports/system_report_20250803_184551.json'
2025-08-03 18:46:52,492 - ERROR - Failed to save report: [Errno 2] No such file or directory: 'reports/system_report_20250803_184652.json'
2025-08-03 18:47:53,513 - ERROR - Failed to save report: [Errno 2] No such file or directory: 'reports/system_report_20250803_184753.json'
2025-08-03 18:48:54,534 - ERROR - Failed to save report: [Errno 2] No such file or directory: 'reports/system_report_20250803_184854.json'
2025-08-03 18:49:55,556 - ERROR - Failed to save report: [Errno 2] No such file or directory: 'reports/system_report_20250803_184955.json'
2025-08-03 18:50:56,578 - ERROR - Failed to save report: [Errno 2] No such file or directory: 'reports/system_report_20250803_185056.json'
2025-08-03 18:51:57,599 - ERROR - Failed to save report: [Errno 2] No such file or directory: 'reports/system_report_20250803_185157.json'
2025-08-03 18:52:58,621 - ERROR - Failed to save report: [Errno 2] No such file or directory: 'reports/system_report_20250803_185258.json'
2025-08-03 18:53:59,643 - ERROR - Failed to save report: [Errno 2] No such file or directory: 'reports/system_report_20250803_185359.json'
2025-08-03 18:55:00,664 - ERROR - Failed to save report: [Errno 2] No such file or directory: 'reports/system_report_20250803_185500.json'
2025-08-03 18:56:01,685 - ERROR - Failed to save report: [Errno 2] No such file or directory: 'reports/system_report_20250803_185601.json'
2025-08-03 18:57:02,706 - ERROR - Failed to save report: [Errno 2] No such file or directory: 'reports/system_report_20250803_185702.json'
2025-08-03 18:58:03,727 - ERROR - Failed to save report: [Errno 2] No such file or directory: 'reports/system_report_20250803_185803.json'
2025-08-03 18:59:04,749 - ERROR - Failed to save report: [Errno 2] No such file or directory: 'reports/system_report_20250803_185904.json'
2025-08-03 19:00:05,771 - ERROR - Failed to save report: [Errno 2] No such file or directory: 'reports/system_report_20250803_190005.json'
2025-08-03 19:01:06,792 - ERROR - Failed to save report: [Errno 2] No such file or directory: 'reports/system_report_20250803_190106.json'
2025-08-03 19:02:07,814 - ERROR - Failed to save report: [Errno 2] No such file or directory: 'reports/system_report_20250803_190207.json'
2025-08-03 19:03:08,835 - ERROR - Failed to save report: [Errno 2] No such file or directory: 'reports/system_report_20250803_190308.json'
2025-08-03 19:04:09,857 - ERROR - Failed to save report: [Errno 2] No such file or directory: 'reports/system_report_20250803_190409.json'
2025-08-03 19:05:10,878 - ERROR - Failed to save report: [Errno 2] No such file or directory: 'reports/system_report_20250803_190510.json'
2025-08-03 19:06:11,900 - ERROR - Failed to save report: [Errno 2] No such file or directory: 'reports/system_report_20250803_190611.json'
2025-08-03 19:07:12,921 - ERROR - Failed to save report: [Errno 2] No such file or directory: 'reports/system_report_20250803_190712.json'
2025-08-03 19:08:13,943 - ERROR - Failed to save report: [Errno 2] No such file or directory: 'reports/system_report_20250803_190813.json'
2025-08-03 19:09:14,964 - ERROR - Failed to save report: [Errno 2] No such file or directory: 'reports/system_report_20250803_190914.json'
2025-08-03 19:10:15,986 - ERROR - Failed to save report: [Errno 2] No such file or directory: 'reports/system_report_20250803_191015.json'
2025-08-03 19:11:17,008 - ERROR - Failed to save report: [Errno 2] No such file or directory: 'reports/system_report_20250803_191117.json'
2025-08-03 19:12:18,030 - ERROR - Failed to save report: [Errno 2] No such file or directory: 'reports/system_report_20250803_191218.json'
2025-08-03 19:13:19,052 - ERROR - Failed to save report: [Errno 2] No such file or directory: 'reports/system_report_20250803_191319.json'
2025-08-03 19:14:20,073 - ERROR - Failed to save report: [Errno 2] No such file or directory: 'reports/system_report_20250803_191420.json'
2025-08-03 19:15:21,094 - ERROR - Failed to save report: [Errno 2] No such file or directory: 'reports/system_report_20250803_191521.json'
2025-08-03 19:16:22,115 - ERROR - Failed to save report: [Errno 2] No such file or directory: 'reports/system_report_20250803_191622.json'
2025-08-03 19:17:23,136 - ERROR - Failed to save report: [Errno 2] No such file or directory: 'reports/system_report_20250803_191723.json'
2025-08-03 19:18:24,157 - ERROR - Failed to save report: [Errno 2] No such file or directory: 'reports/system_report_20250803_191824.json'
2025-08-03 19:19:25,179 - ERROR - Failed to save report: [Errno 2] No such file or directory: 'reports/system_report_20250803_191925.json'
2025-08-03 19:20:26,200 - ERROR - Failed to save report: [Errno 2] No such file or directory: 'reports/system_report_20250803_192026.json'
2025-08-03 19:21:27,221 - ERROR - Failed to save report: [Errno 2] No such file or directory: 'reports/system_report_20250803_192127.json'
2025-08-03 19:22:28,243 - ERROR - Failed to save report: [Errno 2] No such file or directory: 'reports/system_report_20250803_192228.json'
2025-08-03 19:23:29,264 - ERROR - Failed to save report: [Errno 2] No such file or directory: 'reports/system_report_20250803_192329.json'
2025-08-03 19:24:30,286 - ERROR - Failed to save report: [Errno 2] No such file or directory: 'reports/system_report_20250803_192430.json'
2025-08-03 19:25:31,308 - ERROR - Failed to save report: [Errno 2] No such file or directory: 'reports/system_report_20250803_192531.json'
2025-08-03 19:26:32,329 - ERROR - Failed to save report: [Errno 2] No such file or directory: 'reports/system_report_20250803_192632.json'
2025-08-03 19:27:33,350 - ERROR - Failed to save report: [Errno 2] No such file or directory: 'reports/system_report_20250803_192733.json'
2025-08-03 19:28:34,371 - ERROR - Failed to save report: [Errno 2] No such file or directory: 'reports/system_report_20250803_192834.json'
2025-08-03 19:29:35,393 - ERROR - Failed to save report: [Errno 2] No such file or directory: 'reports/system_report_20250803_192935.json'
2025-08-03 19:30:36,414 - ERROR - Failed to save report: [Errno 2] No such file or directory: 'reports/system_report_20250803_193036.json'
2025-08-03 19:31:37,436 - ERROR - Failed to save report: [Errno 2] No such file or directory: 'reports/system_report_20250803_193137.json'
2025-08-03 19:32:38,457 - ERROR - Failed to save report: [Errno 2] No such file or directory: 'reports/system_report_20250803_193238.json'
2025-08-03 19:33:39,479 - ERROR - Failed to save report: [Errno 2] No such file or directory: 'reports/system_report_20250803_193339.json'
2025-08-03 19:34:40,501 - ERROR - Failed to save report: [Errno 2] No such file or directory: 'reports/system_report_20250803_193440.json'
2025-08-03 19:35:41,523 - ERROR - Failed to save report: [Errno 2] No such file or directory: 'reports/system_report_20250803_193541.json'
2025-08-03 19:36:42,544 - ERROR - Failed to save report: [Errno 2] No such file or directory: 'reports/system_report_20250803_193642.json'
2025-08-03 19:37:43,565 - ERROR - Failed to save report: [Errno 2] No such file or directory: 'reports/system_report_20250803_193743.json'
2025-08-03 19:38:44,587 - ERROR - Failed to save report: [Errno 2] No such file or directory: 'reports/system_report_20250803_193844.json'
2025-08-03 19:39:45,608 - ERROR - Failed to save report: [Errno 2] No such file or directory: 'reports/system_report_20250803_193945.json'
2025-08-03 19:40:46,630 - ERROR - Failed to save report: [Errno 2] No such file or directory: 'reports/system_report_20250803_194046.json'
2025-08-03 19:41:47,652 - ERROR - Failed to save report: [Errno 2] No such file or directory: 'reports/system_report_20250803_194147.json'
2025-08-03 19:42:48,676 - ERROR - Failed to save report: [Errno 2] No such file or directory: 'reports/system_report_20250803_194248.json'
2025-08-03 19:43:49,697 - ERROR - Failed to save report: [Errno 2] No such file or directory: 'reports/system_report_20250803_194349.json'
2025-08-03 19:44:50,719 - ERROR - Failed to save report: [Errno 2] No such file or directory: 'reports/system_report_20250803_194450.json'
2025-08-03 19:45:51,741 - ERROR - Failed to save report: [Errno 2] No such file or directory: 'reports/system_report_20250803_194551.json'
2025-08-03 19:46:52,762 - ERROR - Failed to save report: [Errno 2] No such file or directory: 'reports/system_report_20250803_194652.json'
2025-08-03 19:47:53,783 - ERROR - Failed to save report: [Errno 2] No such file or directory: 'reports/system_report_20250803_194753.json'
2025-08-03 19:48:54,805 - ERROR - Failed to save report: [Errno 2] No such file or directory: 'reports/system_report_20250803_194854.json'
2025-08-03 19:49:55,827 - ERROR - Failed to save report: [Errno 2] No such file or directory: 'reports/system_report_20250803_194955.json'
2025-08-03 19:50:56,848 - ERROR - Failed to save report: [Errno 2] No such file or directory: 'reports/system_report_20250803_195056.json'
2025-08-03 19:51:57,871 - ERROR - Failed to save report: [Errno 2] No such file or directory: 'reports/system_report_20250803_195157.json'
2025-08-03 19:52:58,892 - ERROR - Failed to save report: [Errno 2] No such file or directory: 'reports/system_report_20250803_195258.json'
2025-08-03 19:53:59,914 - ERROR - Failed to save report: [Errno 2] No such file or directory: 'reports/system_report_20250803_195359.json'
2025-08-03 19:55:00,936 - ERROR - Failed to save report: [Errno 2] No such file or directory: 'reports/system_report_20250803_195500.json'
2025-08-03 19:56:01,957 - ERROR - Failed to save report: [Errno 2] No such file or directory: 'reports/system_report_20250803_195601.json'
2025-08-03 19:57:02,979 - ERROR - Failed to save report: [Errno 2] No such file or directory: 'reports/system_report_20250803_195702.json'
2025-08-03 19:58:04,000 - ERROR - Failed to save report: [Errno 2] No such file or directory: 'reports/system_report_20250803_195804.json'
2025-08-03 19:59:05,022 - ERROR - Failed to save report: [Errno 2] No such file or directory: 'reports/system_report_20250803_195905.json'
2025-08-03 20:00:06,044 - ERROR - Failed to save report: [Errno 2] No such file or directory: 'reports/system_report_20250803_200006.json'
2025-08-03 20:01:07,065 - ERROR - Failed to save report: [Errno 2] No such file or directory: 'reports/system_report_20250803_200107.json'
2025-08-03 20:02:08,087 - ERROR - Failed to save report: [Errno 2] No such file or directory: 'reports/system_report_20250803_200208.json'
2025-08-03 20:03:09,109 - ERROR - Failed to save report: [Errno 2] No such file or directory: 'reports/system_report_20250803_200309.json'
2025-08-03 20:04:10,132 - ERROR - Failed to save report: [Errno 2] No such file or directory: 'reports/system_report_20250803_200410.json'
2025-08-03 20:05:11,153 - ERROR - Failed to save report: [Errno 2] No such file or directory: 'reports/system_report_20250803_200511.json'
2025-08-03 20:06:12,176 - ERROR - Failed to save report: [Errno 2] No such file or directory: 'reports/system_report_20250803_200612.json'
2025-08-03 20:07:13,198 - ERROR - Failed to save report: [Errno 2] No such file or directory: 'reports/system_report_20250803_200713.json'
2025-08-03 20:08:14,219 - ERROR - Failed to save report: [Errno 2] No such file or directory: 'reports/system_report_20250803_200814.json'
2025-08-03 20:09:15,241 - ERROR - Failed to save report: [Errno 2] No such file or directory: 'reports/system_report_20250803_200915.json'
2025-08-03 20:10:16,263 - ERROR - Failed to save report: [Errno 2] No such file or directory: 'reports/system_report_20250803_201016.json'
2025-08-03 20:11:17,284 - ERROR - Failed to save report: [Errno 2] No such file or directory: 'reports/system_report_20250803_201117.json'
2025-08-03 20:12:18,307 - ERROR - Failed to save report: [Errno 2] No such file or directory: 'reports/system_report_20250803_201218.json'
2025-08-03 20:13:19,328 - ERROR - Failed to save report: [Errno 2] No such file or directory: 'reports/system_report_20250803_201319.json'
2025-08-03 20:14:20,350 - ERROR - Failed to save report: [Errno 2] No such file or directory: 'reports/system_report_20250803_201420.json'
2025-08-03 20:15:21,371 - ERROR - Failed to save report: [Errno 2] No such file or directory: 'reports/system_report_20250803_201521.json'
2025-08-03 20:16:22,393 - ERROR - Failed to save report: [Errno 2] No such file or directory: 'reports/system_report_20250803_201622.json'
2025-08-03 20:17:23,414 - ERROR - Failed to save report: [Errno 2] No such file or directory: 'reports/system_report_20250803_201723.json'
2025-08-03 20:18:24,435 - ERROR - Failed to save report: [Errno 2] No such file or directory: 'reports/system_report_20250803_201824.json'
2025-08-03 20:19:25,457 - ERROR - Failed to save report: [Errno 2] No such file or directory: 'reports/system_report_20250803_201925.json'
2025-08-03 20:20:26,478 - ERROR - Failed to save report: [Errno 2] No such file or directory: 'reports/system_report_20250803_202026.json'
2025-08-03 20:21:27,499 - ERROR - Failed to save report: [Errno 2] No such file or directory: 'reports/system_report_20250803_202127.json'
2025-08-03 20:22:28,520 - ERROR - Failed to save report: [Errno 2] No such file or directory: 'reports/system_report_20250803_202228.json'
2025-08-03 20:23:29,541 - ERROR - Failed to save report: [Errno 2] No such file or directory: 'reports/system_report_20250803_202329.json'
2025-08-03 20:24:30,562 - ERROR - Failed to save report: [Errno 2] No such file or directory: 'reports/system_report_20250803_202430.json'
2025-08-03 20:25:31,584 - ERROR - Failed to save report: [Errno 2] No such file or directory: 'reports/system_report_20250803_202531.json'
2025-08-03 20:26:32,616 - ERROR - CPU: CPU usage critical: 97.8%
2025-08-03 20:26:32,616 - ERROR - Failed to save report: [Errno 2] No such file or directory: 'reports/system_report_20250803_202632.json'
2025-08-03 20:27:33,645 - ERROR - CPU: CPU usage critical: 97.5%
2025-08-03 20:27:33,645 - ERROR - Failed to save report: [Errno 2] No such file or directory: 'reports/system_report_20250803_202733.json'
2025-08-03 20:28:34,680 - ERROR - CPU: CPU usage critical: 100.0%
2025-08-03 20:28:34,680 - ERROR - Failed to save report: [Errno 2] No such file or directory: 'reports/system_report_20250803_202834.json'
2025-08-03 20:29:35,711 - ERROR - CPU: CPU usage critical: 100.0%
2025-08-03 20:29:35,711 - ERROR - Failed to save report: [Errno 2] No such file or directory: 'reports/system_report_20250803_202935.json'
2025-08-03 20:30:36,743 - ERROR - CPU: CPU usage critical: 100.0%
2025-08-03 20:30:36,743 - ERROR - Failed to save report: [Errno 2] No such file or directory: 'reports/system_report_20250803_203036.json'
2025-08-03 20:31:37,770 - ERROR - CPU: CPU usage critical: 100.0%
2025-08-03 20:31:37,770 - ERROR - Failed to save report: [Errno 2] No such file or directory: 'reports/system_report_20250803_203137.json'
2025-08-03 20:32:38,798 - ERROR - CPU: CPU usage critical: 100.0%
2025-08-03 20:32:38,799 - ERROR - Failed to save report: [Errno 2] No such file or directory: 'reports/system_report_20250803_203238.json'
2025-08-03 20:33:39,821 - ERROR - CPU: CPU usage critical: 97.2%
2025-08-03 20:33:39,822 - ERROR - Failed to save report: [Errno 2] No such file or directory: 'reports/system_report_20250803_203339.json'
2025-08-03 20:34:40,843 - ERROR - Failed to save report: [Errno 2] No such file or directory: 'reports/system_report_20250803_203440.json'
2025-08-03 20:35:41,870 - ERROR - CPU: CPU usage critical: 98.5%
2025-08-03 20:35:41,870 - ERROR - Failed to save report: [Errno 2] No such file or directory: 'reports/system_report_20250803_203541.json'
2025-08-03 20:36:42,944 - ERROR - CPU: CPU usage critical: 96.8%
2025-08-03 20:36:42,945 - ERROR - Failed to save report: [Errno 2] No such file or directory: 'reports/system_report_20250803_203642.json'
2025-08-03 20:37:43,968 - ERROR - CPU: CPU usage critical: 100.0%
2025-08-03 20:37:43,969 - ERROR - Failed to save report: [Errno 2] No such file or directory: 'reports/system_report_20250803_203743.json'
2025-08-03 20:38:44,995 - ERROR - CPU: CPU usage critical: 100.0%
2025-08-03 20:38:44,995 - ERROR - Failed to save report: [Errno 2] No such file or directory: 'reports/system_report_20250803_203844.json'
2025-08-03 20:39:46,023 - ERROR - CPU: CPU usage critical: 96.3%
2025-08-03 20:39:46,023 - ERROR - Failed to save report: [Errno 2] No such file or directory: 'reports/system_report_20250803_203946.json'
2025-08-03 20:40:47,066 - ERROR - CPU: CPU usage critical: 90.2%
2025-08-03 20:40:47,066 - ERROR - Failed to save report: [Errno 2] No such file or directory: 'reports/system_report_20250803_204047.json'
2025-08-03 20:41:48,092 - ERROR - CPU: CPU usage critical: 99.5%
2025-08-03 20:41:48,093 - ERROR - Failed to save report: [Errno 2] No such file or directory: 'reports/system_report_20250803_204148.json'
2025-08-03 20:42:49,114 - ERROR - Failed to save report: [Errno 2] No such file or directory: 'reports/system_report_20250803_204249.json'
2025-08-03 20:43:50,135 - ERROR - Failed to save report: [Errno 2] No such file or directory: 'reports/system_report_20250803_204350.json'
2025-08-03 20:44:51,157 - ERROR - Failed to save report: [Errno 2] No such file or directory: 'reports/system_report_20250803_204451.json'
2025-08-03 20:45:52,178 - ERROR - Failed to save report: [Errno 2] No such file or directory: 'reports/system_report_20250803_204552.json'
2025-08-03 20:46:53,199 - ERROR - Failed to save report: [Errno 2] No such file or directory: 'reports/system_report_20250803_204653.json'
2025-08-03 20:47:54,221 - ERROR - Failed to save report: [Errno 2] No such file or directory: 'reports/system_report_20250803_204754.json'
2025-08-03 20:48:55,242 - ERROR - Failed to save report: [Errno 2] No such file or directory: 'reports/system_report_20250803_204855.json'
2025-08-03 20:49:56,264 - ERROR - Failed to save report: [Errno 2] No such file or directory: 'reports/system_report_20250803_204956.json'
2025-08-03 20:50:57,296 - ERROR - CPU: CPU usage critical: 96.5%
2025-08-03 20:50:57,296 - ERROR - Failed to save report: [Errno 2] No such file or directory: 'reports/system_report_20250803_205057.json'
2025-08-03 20:51:58,324 - ERROR - CPU: CPU usage critical: 99.8%
2025-08-03 20:51:58,325 - ERROR - Failed to save report: [Errno 2] No such file or directory: 'reports/system_report_20250803_205158.json'
2025-08-03 20:52:59,358 - ERROR - CPU: CPU usage critical: 95.5%
2025-08-03 20:52:59,358 - ERROR - Failed to save report: [Errno 2] No such file or directory: 'reports/system_report_20250803_205259.json'
2025-08-03 20:54:00,387 - ERROR - CPU: CPU usage critical: 97.2%
2025-08-03 20:54:00,387 - ERROR - Failed to save report: [Errno 2] No such file or directory: 'reports/system_report_20250803_205400.json'
2025-08-03 20:55:01,409 - ERROR - CPU: CPU usage critical: 91.7%
2025-08-03 20:55:01,410 - ERROR - Failed to save report: [Errno 2] No such file or directory: 'reports/system_report_20250803_205501.json'
2025-08-03 20:56:02,438 - ERROR - CPU: CPU usage critical: 99.0%
2025-08-03 20:56:02,438 - ERROR - Failed to save report: [Errno 2] No such file or directory: 'reports/system_report_20250803_205602.json'
2025-08-03 20:57:03,467 - ERROR - CPU: CPU usage critical: 99.7%
2025-08-03 20:57:03,467 - ERROR - Failed to save report: [Errno 2] No such file or directory: 'reports/system_report_20250803_205703.json'
2025-08-03 20:58:04,502 - ERROR - CPU: CPU usage critical: 100.0%
2025-08-03 20:58:04,504 - ERROR - Failed to save report: [Errno 2] No such file or directory: 'reports/system_report_20250803_205804.json'
2025-08-03 20:59:05,525 - ERROR - Failed to save report: [Errno 2] No such file or directory: 'reports/system_report_20250803_205905.json'
2025-08-03 21:00:06,547 - ERROR - Failed to save report: [Errno 2] No such file or directory: 'reports/system_report_20250803_210006.json'
2025-08-03 21:01:07,573 - ERROR - CPU: CPU usage critical: 100.0%
2025-08-03 21:01:07,573 - ERROR - Failed to save report: [Errno 2] No such file or directory: 'reports/system_report_20250803_210107.json'
2025-08-03 21:02:08,595 - ERROR - Failed to save report: [Errno 2] No such file or directory: 'reports/system_report_20250803_210208.json'
2025-08-03 21:03:09,616 - ERROR - Failed to save report: [Errno 2] No such file or directory: 'reports/system_report_20250803_210309.json'
2025-08-03 21:04:10,638 - ERROR - Failed to save report: [Errno 2] No such file or directory: 'reports/system_report_20250803_210410.json'
2025-08-03 21:05:11,659 - ERROR - Failed to save report: [Errno 2] No such file or directory: 'reports/system_report_20250803_210511.json'
2025-08-03 21:06:12,681 - ERROR - Failed to save report: [Errno 2] No such file or directory: 'reports/system_report_20250803_210612.json'
2025-08-03 21:07:13,702 - ERROR - Failed to save report: [Errno 2] No such file or directory: 'reports/system_report_20250803_210713.json'
2025-08-03 21:08:14,723 - ERROR - Failed to save report: [Errno 2] No such file or directory: 'reports/system_report_20250803_210814.json'
2025-08-03 21:09:15,745 - ERROR - Failed to save report: [Errno 2] No such file or directory: 'reports/system_report_20250803_210915.json'
2025-08-03 21:10:16,766 - ERROR - Failed to save report: [Errno 2] No such file or directory: 'reports/system_report_20250803_211016.json'
2025-08-03 21:11:17,788 - ERROR - Failed to save report: [Errno 2] No such file or directory: 'reports/system_report_20250803_211117.json'
2025-08-03 21:12:18,810 - ERROR - Failed to save report: [Errno 2] No such file or directory: 'reports/system_report_20250803_211218.json'
2025-08-03 21:13:19,838 - ERROR - CPU: CPU usage critical: 99.8%
2025-08-03 21:13:19,838 - ERROR - Failed to save report: [Errno 2] No such file or directory: 'reports/system_report_20250803_211319.json'
2025-08-03 21:14:20,859 - ERROR - Failed to save report: [Errno 2] No such file or directory: 'reports/system_report_20250803_211420.json'
2025-08-03 21:15:21,880 - ERROR - Failed to save report: [Errno 2] No such file or directory: 'reports/system_report_20250803_211521.json'
2025-08-03 21:16:22,901 - ERROR - Failed to save report: [Errno 2] No such file or directory: 'reports/system_report_20250803_211622.json'
2025-08-03 21:17:23,922 - ERROR - Failed to save report: [Errno 2] No such file or directory: 'reports/system_report_20250803_211723.json'
2025-08-03 21:18:24,943 - ERROR - Failed to save report: [Errno 2] No such file or directory: 'reports/system_report_20250803_211824.json'
2025-08-03 21:19:25,964 - ERROR - Failed to save report: [Errno 2] No such file or directory: 'reports/system_report_20250803_211925.json'
2025-08-03 21:20:26,985 - ERROR - Failed to save report: [Errno 2] No such file or directory: 'reports/system_report_20250803_212026.json'
2025-08-03 21:21:28,006 - ERROR - Failed to save report: [Errno 2] No such file or directory: 'reports/system_report_20250803_212128.json'
2025-08-03 21:22:29,028 - ERROR - Failed to save report: [Errno 2] No such file or directory: 'reports/system_report_20250803_212229.json'
2025-08-03 21:23:30,049 - ERROR - Failed to save report: [Errno 2] No such file or directory: 'reports/system_report_20250803_212330.json'
2025-08-03 21:24:31,071 - ERROR - Failed to save report: [Errno 2] No such file or directory: 'reports/system_report_20250803_212431.json'
2025-08-03 21:25:32,092 - ERROR - Failed to save report: [Errno 2] No such file or directory: 'reports/system_report_20250803_212532.json'
2025-08-03 21:26:33,113 - ERROR - Failed to save report: [Errno 2] No such file or directory: 'reports/system_report_20250803_212633.json'
2025-08-03 21:27:34,134 - ERROR - Failed to save report: [Errno 2] No such file or directory: 'reports/system_report_20250803_212734.json'
2025-08-03 21:28:35,156 - ERROR - Failed to save report: [Errno 2] No such file or directory: 'reports/system_report_20250803_212835.json'
2025-08-03 21:29:36,178 - ERROR - Failed to save report: [Errno 2] No such file or directory: 'reports/system_report_20250803_212936.json'
2025-08-03 21:30:37,199 - ERROR - Failed to save report: [Errno 2] No such file or directory: 'reports/system_report_20250803_213037.json'
2025-08-03 21:31:38,220 - ERROR - Failed to save report: [Errno 2] No such file or directory: 'reports/system_report_20250803_213138.json'
2025-08-03 21:32:39,242 - ERROR - Failed to save report: [Errno 2] No such file or directory: 'reports/system_report_20250803_213239.json'
2025-08-03 21:33:40,264 - ERROR - Failed to save report: [Errno 2] No such file or directory: 'reports/system_report_20250803_213340.json'
2025-08-03 21:34:41,286 - ERROR - Failed to save report: [Errno 2] No such file or directory: 'reports/system_report_20250803_213441.json'
2025-08-03 21:35:42,307 - ERROR - Failed to save report: [Errno 2] No such file or directory: 'reports/system_report_20250803_213542.json'
2025-08-03 21:36:43,328 - ERROR - Failed to save report: [Errno 2] No such file or directory: 'reports/system_report_20250803_213643.json'
2025-08-03 21:37:44,349 - ERROR - Failed to save report: [Errno 2] No such file or directory: 'reports/system_report_20250803_213744.json'
2025-08-03 21:38:45,370 - ERROR - Failed to save report: [Errno 2] No such file or directory: 'reports/system_report_20250803_213845.json'
2025-08-03 21:39:46,391 - ERROR - Failed to save report: [Errno 2] No such file or directory: 'reports/system_report_20250803_213946.json'
2025-08-03 21:40:47,412 - ERROR - Failed to save report: [Errno 2] No such file or directory: 'reports/system_report_20250803_214047.json'
2025-08-03 21:41:48,434 - ERROR - Failed to save report: [Errno 2] No such file or directory: 'reports/system_report_20250803_214148.json'
2025-08-03 21:42:49,455 - ERROR - Failed to save report: [Errno 2] No such file or directory: 'reports/system_report_20250803_214249.json'
2025-08-03 21:43:50,477 - ERROR - Failed to save report: [Errno 2] No such file or directory: 'reports/system_report_20250803_214350.json'
2025-08-03 21:44:51,499 - ERROR - Failed to save report: [Errno 2] No such file or directory: 'reports/system_report_20250803_214451.json'
2025-08-03 21:45:52,519 - ERROR - Failed to save report: [Errno 2] No such file or directory: 'reports/system_report_20250803_214552.json'
2025-08-03 21:46:53,540 - ERROR - Failed to save report: [Errno 2] No such file or directory: 'reports/system_report_20250803_214653.json'
2025-08-03 21:47:54,562 - ERROR - Failed to save report: [Errno 2] No such file or directory: 'reports/system_report_20250803_214754.json'
2025-08-03 21:48:55,584 - ERROR - Failed to save report: [Errno 2] No such file or directory: 'reports/system_report_20250803_214855.json'
2025-08-03 21:49:56,605 - ERROR - Failed to save report: [Errno 2] No such file or directory: 'reports/system_report_20250803_214956.json'
2025-08-03 21:50:57,628 - ERROR - Failed to save report: [Errno 2] No such file or directory: 'reports/system_report_20250803_215057.json'
